build/app/intermediates/proguard-rules/release/aapt_rules.txt
# Referenced at merged_manifests\release\AndroidManifest.xml:21
-keep class com.flazhost.tasbih.MainActivity { <init>(); }
# Referenced at merged_manifests\release\AndroidManifest.xml:17
-keep class io.flutter.app.FlutterApplication { <init>(); }