build/app/outputs/mapping/release/seeds.txt
com.flazhost.tasbih.MainActivity
com.flazhost.tasbih.MainActivity: MainActivity()
com.flazhost.tasbih.R$drawable: int launch_background
com.flazhost.tasbih.R$mipmap: int ic_lancher
com.flazhost.tasbih.R$mipmap: int ic_launcher
com.flazhost.tasbih.R$style: int LaunchTheme
...
io.flutter.embedding.engine.FlutterEngine
io.flutter.embedding.engine.FlutterEngine: java.lang.String TAG
io.flutter.embedding.engine.FlutterEngine: io.flutter.embedding.engine.FlutterJNI flutterJNI
io.flutter.embedding.engine.FlutterEngine: io.flutter.embedding.engine.renderer.FlutterRenderer renderer
io.flutter.embedding.engine.FlutterEngine: io.flutter.embedding.engine.dart.DartExecutor dartExecutor
io.flutter.embedding.engine.FlutterEngine: io.flutter.app.FlutterPluginRegistry pluginRegistry
io.flutter.embedding.engine.FlutterEngine: io.flutter.embedding.engine.systemchannels.AccessibilityChannel accessibilityChannel
io.flutter.embedding.engine.FlutterEngine: io.flutter.embedding.engine.systemchannels.KeyEventChannel keyEventChannel
io.flutter.embedding.engine.FlutterEngine: io.flutter.embedding.engine.systemchannels.LifecycleChannel lifecycleChannel
io.flutter.embedding.engine.FlutterEngine: io.flutter.embedding.engine.systemchannels.LocalizationChannel localizationChannel
io.flutter.embedding.engine.FlutterEngine: io.flutter.embedding.engine.systemchannels.NavigationChannel navigationChannel
io.flutter.embedding.engine.FlutterEngine: io.flutter.embedding.engine.systemchannels.PlatformChannel platformChannel
io.flutter.embedding.engine.FlutterEngine: io.flutter.embedding.engine.systemchannels.SettingsChannel settingsChannel
io.flutter.embedding.engine.FlutterEngine: io.flutter.embedding.engine.systemchannels.SystemChannel systemChannel
io.flutter.embedding.engine.FlutterEngine$1
io.flutter.embedding.engine.FlutterEngine$1: io.flutter.embedding.engine.FlutterEngine this$0
io.flutter.embedding.engine.FlutterEngine$1: FlutterEngine$1(io.flutter.embedding.engine.FlutterEngine)
io.flutter.embedding.engine.FlutterEngine$1: void onPreEngineRestart()
io.flutter.embedding.engine.FlutterEngine$EngineLifecycleListener
io.flutter.embedding.engine.FlutterEngine$EngineLifecycleListener: void onPreEngineRestart()
io.flutter.embedding.engine.FlutterJNI
io.flutter.embedding.engine.FlutterJNI: java.lang.String TAG
io.flutter.embedding.engine.FlutterJNI: java.lang.Long nativePlatformViewId
io.flutter.embedding.engine.FlutterJNI: io.flutter.embedding.engine.renderer.FlutterRenderer$RenderSurface renderSurface
io.flutter.embedding.engine.FlutterJNI: io.flutter.embedding.engine.FlutterJNI$AccessibilityDelegate accessibilityDelegate
io.flutter.embedding.engine.FlutterJNI: io.flutter.embedding.engine.dart.PlatformMessageHandler platformMessageHandler
io.flutter.embedding.engine.FlutterJNI: java.util.Set engineLifecycleListeners
io.flutter.embedding.engine.FlutterJNI: java.util.Set firstFrameListeners
io.flutter.embedding.engine.FlutterJNI: FlutterJNI()
io.flutter.embedding.engine.FlutterJNI: boolean nativeGetIsSoftwareRenderingEnabled()
io.flutter.embedding.engine.FlutterJNI: java.lang.String nativeGetObservatoryUri()
io.flutter.embedding.engine.FlutterJNI: void setRenderSurface(io.flutter.embedding.engine.renderer.FlutterRenderer$RenderSurface)
io.flutter.embedding.engine.FlutterJNI: void setAccessibilityDelegate(io.flutter.embedding.engine.FlutterJNI$AccessibilityDelegate)
io.flutter.embedding.engine.FlutterJNI: void updateSemantics(java.nio.ByteBuffer,java.lang.String[])
io.flutter.embedding.engine.FlutterJNI: void updateCustomAccessibilityActions(java.nio.ByteBuffer,java.lang.String[])
io.flutter.embedding.engine.FlutterJNI: void onFirstFrame()
io.flutter.embedding.engine.FlutterJNI$AccessibilityDelegate
io.flutter.embedding.engine.FlutterJNI$AccessibilityDelegate: void updateCustomAccessibilityActions(java.nio.ByteBuffer,java.lang.String[])
io.flutter.embedding.engine.FlutterJNI$AccessibilityDelegate: void updateSemantics(java.nio.ByteBuffer,java.lang.String[])