build/app/outputs/mapping/release/mapping.txt
com.flazhost.tasbih.MainActivity -> com.flazhost.tasbih.MainActivity:
    void <init>() -> <init>
    void onCreate(android.os.Bundle) -> onCreate
...
io.flutter.embedding.engine.renderer.FlutterRenderer$ViewportMetrics -> io.flutter.embedding.engine.renderer.FlutterRenderer$ViewportMetrics:
    float devicePixelRatio -> devicePixelRatio
    int width -> width
    int height -> height
    int paddingTop -> paddingTop
    int paddingRight -> paddingRight
    int paddingBottom -> paddingBottom
    int paddingLeft -> paddingLeft
    int viewInsetTop -> viewInsetTop
    int viewInsetRight -> viewInsetRight
    int viewInsetBottom -> viewInsetBottom
    int viewInsetLeft -> viewInsetLeft
    void <init>() -> <init>
io.flutter.embedding.engine.renderer.OnFirstFrameRenderedListener -> io.flutter.embedding.engine.renderer.OnFirstFrameRenderedListener:
    void onFirstFrameRendered() -> onFirstFrameRendered
io.flutter.embedding.engine.systemchannels.AccessibilityChannel -> io.flutter.embedding.engine.systemchannels.AccessibilityChannel:
    io.flutter.plugin.common.BasicMessageChannel channel -> channel
    io.flutter.embedding.engine.FlutterJNI flutterJNI -> flutterJNI
    io.flutter.embedding.engine.systemchannels.AccessibilityChannel$AccessibilityMessageHandler handler -> handler
    io.flutter.plugin.common.BasicMessageChannel$MessageHandler parsingMessageHandler -> parsingMessageHandler
    void <init>(io.flutter.embedding.engine.dart.DartExecutor,io.flutter.embedding.engine.FlutterJNI) -> <init>
    void onAndroidAccessibilityEnabled() -> onAndroidAccessibilityEnabled
    void onAndroidAccessibilityDisabled() -> onAndroidAccessibilityDisabled
    void setAccessibilityFeatures(int) -> setAccessibilityFeatures
    void dispatchSemanticsAction(int,io.flutter.view.AccessibilityBridge$Action) -> dispatchSemanticsAction
    void dispatchSemanticsAction(int,io.flutter.view.AccessibilityBridge$Action,java.lang.Object) -> dispatchSemanticsAction
    void setAccessibilityMessageHandler(io.flutter.embedding.engine.systemchannels.AccessibilityChannel$AccessibilityMessageHandler) -> setAccessibilityMessageHandler
    io.flutter.embedding.engine.systemchannels.AccessibilityChannel$AccessibilityMessageHandler access$000(io.flutter.embedding.engine.systemchannels.AccessibilityChannel) -> access$000
io.flutter.embedding.engine.systemchannels.AccessibilityChannel$1 -> io.flutter.embedding.engine.systemchannels.AccessibilityChannel$1:
    io.flutter.embedding.engine.systemchannels.AccessibilityChannel this$0 -> this$0
    void <init>(io.flutter.embedding.engine.systemchannels.AccessibilityChannel) -> <init>
    void onMessage(java.lang.Object,io.flutter.plugin.common.BasicMessageChannel$Reply) -> onMessage
io.flutter.embedding.engine.systemchannels.AccessibilityChannel$AccessibilityMessageHandler -> io.flutter.embedding.engine.systemchannels.AccessibilityChannel$AccessibilityMessageHandler:
    void announce(java.lang.String) -> announce
    void onTap(int) -> onTap
    void onLongPress(int) -> onLongPress
    void onTooltip(java.lang.String) -> onTooltip
io.flutter.embedding.engine.systemchannels.KeyEventChannel -> io.flutter.embedding.engine.systemchannels.KeyEventChannel:
    io.flutter.plugin.common.BasicMessageChannel channel -> channel
    void <init>(io.flutter.embedding.engine.dart.DartExecutor) -> <init>
    void keyUp(io.flutter.embedding.engine.systemchannels.KeyEventChannel$FlutterKeyEvent) -> keyUp
    void keyDown(io.flutter.embedding.engine.systemchannels.KeyEventChannel$FlutterKeyEvent) -> keyDown
    void encodeKeyEvent(io.flutter.embedding.engine.systemchannels.KeyEventChannel$FlutterKeyEvent,java.util.Map) -> encodeKeyEvent