build/app/outputs/mapping/release/usage.txt
com.flazhost.tasbih.BuildConfig
com.flazhost.tasbih.R
com.flazhost.tasbih.R$drawable
com.flazhost.tasbih.R$mipmap
com.flazhost.tasbih.R$style